<html>
<head>
<title>TestNG:  ChromeTest</title>
<link href="../testng.css" rel="stylesheet" type="text/css" />
<link href="../my-testng.css" rel="stylesheet" type="text/css" />

<style type="text/css">
.log { display: none;} 
.stack-trace { display: none;} 
</style>
<script type="text/javascript">
<!--
function flip(e) {
  current = e.style.display;
  if (current == 'block') {
    e.style.display = 'none';
    return 0;
  }
  else {
    e.style.display = 'block';
    return 1;
  }
}

function toggleBox(szDivId, elem, msg1, msg2)
{
  var res = -1;  if (document.getElementById) {
    res = flip(document.getElementById(szDivId));
  }
  else if (document.all) {
    // this is the way old msie versions work
    res = flip(document.all[szDivId]);
  }
  if(elem) {
    if(res == 0) elem.innerHTML = msg1; else elem.innerHTML = msg2;
  }

}

function toggleAllBoxes() {
  if (document.getElementsByTagName) {
    d = document.getElementsByTagName('div');
    for (i = 0; i < d.length; i++) {
      if (d[i].className == 'log') {
        flip(d[i]);
      }
    }
  }
}

// -->
</script>

</head>
<body>
<h2 align='center'>ChromeTest</h2><table border='1' align="center">
<tr>
<td>Tests passed/Failed/Skipped:</td><td>0/0/6</td>
</tr><tr>
<td>Started on:</td><td>Wed Sep 11 10:06:05 EET 2019</td>
</tr>
<tr><td>Total time:</td><td>0 seconds (515 ms)</td>
</tr><tr>
<td>Included groups:</td><td></td>
</tr><tr>
<td>Excluded groups:</td><td></td>
</tr>
</table><p/>
<small><i>(Hover the method name to see the test class name)</i></small><p/>
<table width='100%' border='1' class='invocation-failed'>
<tr><td colspan='4' align='center'><b>FAILED CONFIGURATIONS</b></td></tr>
<tr><td><b>Test method</b></td>
<td width="30%"><b>Exception</b></td>
<td width="10%"><b>Time (seconds)</b></td>
<td><b>Instance</b></td>
</tr>
<tr>
<td title='tests.AddPlanRateDefinition.beforeClass()'><b>beforeClass</b><br>Test class: tests.AddPlanRateDefinition</td>
<td><div><pre>java.lang.NullPointerException
	at pages.HiasLoginPage.NavigatetoURL(HiasLoginPage.java:27)
	at tests.AddPlanRateDefinition.beforeClass(AddPlanRateDefinition.java:33)
	at java.util.concurrent.FutureTask.run(Unknown Source)
	at java.util.concurrent.ThreadPoolExecutor.runWorker(Unknown Source)
	at java.util.concurrent.ThreadPoolExecutor$Worker.run(Unknown Source)
	at java.lang.Thread.run(Unknown Source)
... Removed 17 stack frames</pre></div><a href='#' onClick='toggleBox("stack-trace674484895", this, "Click to show all stack frames", "Click to hide stack frames")'>Click to show all stack frames</a>
<div class='stack-trace' id='stack-trace674484895'><pre>java.lang.NullPointerException
	at pages.HiasLoginPage.NavigatetoURL(HiasLoginPage.java:27)
	at tests.AddPlanRateDefinition.beforeClass(AddPlanRateDefinition.java:33)
	at sun.reflect.NativeMethodAccessorImpl.invoke0(Native Method)
	at sun.reflect.NativeMethodAccessorImpl.invoke(Unknown Source)
	at sun.reflect.DelegatingMethodAccessorImpl.invoke(Unknown Source)
	at java.lang.reflect.Method.invoke(Unknown Source)
	at org.testng.internal.MethodInvocationHelper.invokeMethod(MethodInvocationHelper.java:124)
	at org.testng.internal.MethodInvocationHelper.invokeMethodConsideringTimeout(MethodInvocationHelper.java:59)
	at org.testng.internal.Invoker.invokeConfigurationMethod(Invoker.java:458)
	at org.testng.internal.Invoker.invokeConfigurations(Invoker.java:222)
	at org.testng.internal.Invoker.invokeConfigurations(Invoker.java:142)
	at org.testng.internal.TestMethodWorker.invokeBeforeClassMethods(TestMethodWorker.java:168)
	at org.testng.internal.TestMethodWorker.run(TestMethodWorker.java:105)
	at org.testng.TestRunner.privateRun(TestRunner.java:648)
	at org.testng.TestRunner.run(TestRunner.java:505)
	at org.testng.SuiteRunner.runTest(SuiteRunner.java:455)
	at org.testng.SuiteRunner.access$000(SuiteRunner.java:40)
	at org.testng.SuiteRunner$SuiteWorker.run(SuiteRunner.java:489)
	at org.testng.internal.thread.ThreadUtil$1.call(ThreadUtil.java:52)
	at java.util.concurrent.FutureTask.run(Unknown Source)
	at java.util.concurrent.ThreadPoolExecutor.runWorker(Unknown Source)
	at java.util.concurrent.ThreadPoolExecutor$Worker.run(Unknown Source)
	at java.lang.Thread.run(Unknown Source)
</pre></div></td>
<td>0</td>
<td>tests.AddPlanRateDefinition@6f7fd0e6</td></tr>
<tr>
<td title='tests.ValidateThePlanNotFound.setUp()'><b>setUp</b><br>Test class: tests.ValidateThePlanNotFound</td>
<td><div><pre>org.testng.TestNGException: 
Parameter &apos;Browser&apos; is required by BeforeMethod on method setUp but has not been marked @Optional or defined
in C:\Hossam\Automation\BESTDD\TestSuite\Browsers.xml
	at java.util.concurrent.FutureTask.run(Unknown Source)
	at java.util.concurrent.ThreadPoolExecutor.runWorker(Unknown Source)
	at java.util.concurrent.ThreadPoolExecutor$Worker.run(Unknown Source)
	at java.lang.Thread.run(Unknown Source)
... Removed 16 stack frames</pre></div><a href='#' onClick='toggleBox("stack-trace703429228", this, "Click to show all stack frames", "Click to hide stack frames")'>Click to show all stack frames</a>
<div class='stack-trace' id='stack-trace703429228'><pre>org.testng.TestNGException: 
Parameter &apos;Browser&apos; is required by BeforeMethod on method setUp but has not been marked @Optional or defined
in C:\Hossam\Automation\BESTDD\TestSuite\Browsers.xml
	at org.testng.internal.Parameters.createParams(Parameters.java:290)
	at org.testng.internal.Parameters.createParametersForMethod(Parameters.java:359)
	at org.testng.internal.Parameters.createParameters(Parameters.java:620)
	at org.testng.internal.Parameters.createConfigurationParameters(Parameters.java:190)
	at org.testng.internal.Invoker.invokeConfigurations(Invoker.java:209)
	at org.testng.internal.Invoker.invokeMethod(Invoker.java:523)
	at org.testng.internal.Invoker.invokeTestMethod(Invoker.java:719)
	at org.testng.internal.Invoker.invokeTestMethods(Invoker.java:989)
	at org.testng.internal.TestMethodWorker.invokeTestMethods(TestMethodWorker.java:125)
	at org.testng.internal.TestMethodWorker.run(TestMethodWorker.java:109)
	at org.testng.TestRunner.privateRun(TestRunner.java:648)
	at org.testng.TestRunner.run(TestRunner.java:505)
	at org.testng.SuiteRunner.runTest(SuiteRunner.java:455)
	at org.testng.SuiteRunner.access$000(SuiteRunner.java:40)
	at org.testng.SuiteRunner$SuiteWorker.run(SuiteRunner.java:489)
	at org.testng.internal.thread.ThreadUtil$1.call(ThreadUtil.java:52)
	at java.util.concurrent.FutureTask.run(Unknown Source)
	at java.util.concurrent.ThreadPoolExecutor.runWorker(Unknown Source)
	at java.util.concurrent.ThreadPoolExecutor$Worker.run(Unknown Source)
	at java.lang.Thread.run(Unknown Source)
</pre></div></td>
<td>0</td>
<td>tests.ValidateThePlanNotFound@490ab905</td></tr>
</table><p>
<table width='100%' border='1' class='invocation-skipped'>
<tr><td colspan='4' align='center'><b>SKIPPED CONFIGURATIONS</b></td></tr>
<tr><td><b>Test method</b></td>
<td width="30%"><b>Exception</b></td>
<td width="10%"><b>Time (seconds)</b></td>
<td><b>Instance</b></td>
</tr>
<tr>
<td title='tests.AddPlanRateDefinition.setUp()'><b>setUp</b><br>Test class: tests.AddPlanRateDefinition</td>
<td></td>
<td>0</td>
<td>tests.AddPlanRateDefinition@6f7fd0e6</td></tr>
<tr>
<td title='tests.AddPlanRateDefinition.beforeMethod()'><b>beforeMethod</b><br>Test class: tests.AddPlanRateDefinition</td>
<td></td>
<td>0</td>
<td>tests.AddPlanRateDefinition@6f7fd0e6</td></tr>
<tr>
<td title='tests.AddPlanRateDefinition.setUp()'><b>setUp</b><br>Test class: tests.AddPlanRateDefinition</td>
<td></td>
<td>0</td>
<td>tests.AddPlanRateDefinition@6f7fd0e6</td></tr>
<tr>
<td title='tests.AddPlanRateDefinition.beforeMethod()'><b>beforeMethod</b><br>Test class: tests.AddPlanRateDefinition</td>
<td></td>
<td>0</td>
<td>tests.AddPlanRateDefinition@6f7fd0e6</td></tr>
<tr>
<td title='tests.ValidateThePlanNotFound.setUp()'><b>setUp</b><br>Test class: tests.ValidateThePlanNotFound</td>
<td></td>
<td>0</td>
<td>tests.ValidateThePlanNotFound@490ab905</td></tr>
<tr>
<td title='tests.AddPlanRateDefinition.setUp()'><b>setUp</b><br>Test class: tests.AddPlanRateDefinition</td>
<td></td>
<td>0</td>
<td>tests.AddPlanRateDefinition@6f7fd0e6</td></tr>
<tr>
<td title='tests.AddPlanRateDefinition.beforeMethod()'><b>beforeMethod</b><br>Test class: tests.AddPlanRateDefinition</td>
<td></td>
<td>0</td>
<td>tests.AddPlanRateDefinition@6f7fd0e6</td></tr>
<tr>
<td title='tests.AddPlanRateDefinition.setUp()'><b>setUp</b><br>Test class: tests.AddPlanRateDefinition</td>
<td></td>
<td>0</td>
<td>tests.AddPlanRateDefinition@6f7fd0e6</td></tr>
<tr>
<td title='tests.AddPlanRateDefinition.beforeMethod()'><b>beforeMethod</b><br>Test class: tests.AddPlanRateDefinition</td>
<td></td>
<td>0</td>
<td>tests.AddPlanRateDefinition@6f7fd0e6</td></tr>
<tr>
<td title='tests.AddPlanRateDefinition.setUp()'><b>setUp</b><br>Test class: tests.AddPlanRateDefinition</td>
<td></td>
<td>0</td>
<td>tests.AddPlanRateDefinition@6f7fd0e6</td></tr>
<tr>
<td title='tests.AddPlanRateDefinition.beforeMethod()'><b>beforeMethod</b><br>Test class: tests.AddPlanRateDefinition</td>
<td></td>
<td>0</td>
<td>tests.AddPlanRateDefinition@6f7fd0e6</td></tr>
<tr>
<td title='tests.AddPlanRateDefinition.setUp()'><b>setUp</b><br>Test class: tests.AddPlanRateDefinition</td>
<td></td>
<td>0</td>
<td>tests.AddPlanRateDefinition@6f7fd0e6</td></tr>
<tr>
<td title='tests.AddPlanRateDefinition.beforeMethod()'><b>beforeMethod</b><br>Test class: tests.AddPlanRateDefinition</td>
<td></td>
<td>0</td>
<td>tests.AddPlanRateDefinition@6f7fd0e6</td></tr>
<tr>
<td title='tests.AddPlanRateDefinition.tearDown()'><b>tearDown</b><br>Test class: tests.AddPlanRateDefinition</td>
<td></td>
<td>0</td>
<td>tests.AddPlanRateDefinition@6f7fd0e6</td></tr>
<tr>
<td title='tests.ValidateThePlanNotFound.tearDown()'><b>tearDown</b><br>Test class: tests.ValidateThePlanNotFound</td>
<td></td>
<td>0</td>
<td>tests.ValidateThePlanNotFound@490ab905</td></tr>
<tr>
<td title='tests.AddPlanRateDefinition.tearDown()'><b>tearDown</b><br>Test class: tests.AddPlanRateDefinition</td>
<td></td>
<td>0</td>
<td>tests.AddPlanRateDefinition@6f7fd0e6</td></tr>
<tr>
<td title='tests.ValidateThePlanNotFound.tearDown()'><b>tearDown</b><br>Test class: tests.ValidateThePlanNotFound</td>
<td></td>
<td>0</td>
<td>tests.ValidateThePlanNotFound@490ab905</td></tr>
<tr>
<td title='tests.AddPlanRateDefinition.tearDown()'><b>tearDown</b><br>Test class: tests.AddPlanRateDefinition</td>
<td></td>
<td>0</td>
<td>tests.AddPlanRateDefinition@6f7fd0e6</td></tr>
<tr>
<td title='tests.AddPlanRateDefinition.tearDown()'><b>tearDown</b><br>Test class: tests.AddPlanRateDefinition</td>
<td></td>
<td>0</td>
<td>tests.AddPlanRateDefinition@6f7fd0e6</td></tr>
<tr>
<td title='tests.AddPlanRateDefinition.tearDown()'><b>tearDown</b><br>Test class: tests.AddPlanRateDefinition</td>
<td></td>
<td>0</td>
<td>tests.AddPlanRateDefinition@6f7fd0e6</td></tr>
<tr>
<td title='tests.AddPlanRateDefinition.tearDown()'><b>tearDown</b><br>Test class: tests.AddPlanRateDefinition</td>
<td></td>
<td>0</td>
<td>tests.AddPlanRateDefinition@6f7fd0e6</td></tr>
<tr>
<td title='tests.ValidateThePlanNotFound.afterClass()'><b>afterClass</b><br>Test class: tests.ValidateThePlanNotFound</td>
<td></td>
<td>0</td>
<td>tests.ValidateThePlanNotFound@490ab905</td></tr>
<tr>
<td title='tests.AddPlanRateDefinition.afterClass()'><b>afterClass</b><br>Test class: tests.AddPlanRateDefinition</td>
<td></td>
<td>0</td>
<td>tests.AddPlanRateDefinition@6f7fd0e6</td></tr>
</table><p>
<table width='100%' border='1' class='invocation-skipped'>
<tr><td colspan='4' align='center'><b>SKIPPED TESTS</b></td></tr>
<tr><td><b>Test method</b></td>
<td width="30%"><b>Exception</b></td>
<td width="10%"><b>Time (seconds)</b></td>
<td><b>Instance</b></td>
</tr>
<tr>
<td title='tests.AddPlanRateDefinition.AddnewPlanRate()'><b>AddnewPlanRate</b><br>Test class: tests.AddPlanRateDefinition</td>
<td><div><pre>java.lang.NullPointerException
	at pages.HiasLoginPage.NavigatetoURL(HiasLoginPage.java:27)
	at tests.AddPlanRateDefinition.beforeClass(AddPlanRateDefinition.java:33)
	at java.util.concurrent.FutureTask.run(Unknown Source)
	at java.util.concurrent.ThreadPoolExecutor.runWorker(Unknown Source)
	at java.util.concurrent.ThreadPoolExecutor$Worker.run(Unknown Source)
	at java.lang.Thread.run(Unknown Source)
... Removed 17 stack frames</pre></div><a href='#' onClick='toggleBox("stack-trace545241828", this, "Click to show all stack frames", "Click to hide stack frames")'>Click to show all stack frames</a>
<div class='stack-trace' id='stack-trace545241828'><pre>java.lang.NullPointerException
	at pages.HiasLoginPage.NavigatetoURL(HiasLoginPage.java:27)
	at tests.AddPlanRateDefinition.beforeClass(AddPlanRateDefinition.java:33)
	at sun.reflect.NativeMethodAccessorImpl.invoke0(Native Method)
	at sun.reflect.NativeMethodAccessorImpl.invoke(Unknown Source)
	at sun.reflect.DelegatingMethodAccessorImpl.invoke(Unknown Source)
	at java.lang.reflect.Method.invoke(Unknown Source)
	at org.testng.internal.MethodInvocationHelper.invokeMethod(MethodInvocationHelper.java:124)
	at org.testng.internal.MethodInvocationHelper.invokeMethodConsideringTimeout(MethodInvocationHelper.java:59)
	at org.testng.internal.Invoker.invokeConfigurationMethod(Invoker.java:458)
	at org.testng.internal.Invoker.invokeConfigurations(Invoker.java:222)
	at org.testng.internal.Invoker.invokeConfigurations(Invoker.java:142)
	at org.testng.internal.TestMethodWorker.invokeBeforeClassMethods(TestMethodWorker.java:168)
	at org.testng.internal.TestMethodWorker.run(TestMethodWorker.java:105)
	at org.testng.TestRunner.privateRun(TestRunner.java:648)
	at org.testng.TestRunner.run(TestRunner.java:505)
	at org.testng.SuiteRunner.runTest(SuiteRunner.java:455)
	at org.testng.SuiteRunner.access$000(SuiteRunner.java:40)
	at org.testng.SuiteRunner$SuiteWorker.run(SuiteRunner.java:489)
	at org.testng.internal.thread.ThreadUtil$1.call(ThreadUtil.java:52)
	at java.util.concurrent.FutureTask.run(Unknown Source)
	at java.util.concurrent.ThreadPoolExecutor.runWorker(Unknown Source)
	at java.util.concurrent.ThreadPoolExecutor$Worker.run(Unknown Source)
	at java.lang.Thread.run(Unknown Source)
</pre></div></td>
<td>0</td>
<td>tests.AddPlanRateDefinition@6f7fd0e6</td></tr>
<tr>
<td title='tests.AddPlanRateDefinition.AddnewPlanRate()'><b>AddnewPlanRate</b><br>Test class: tests.AddPlanRateDefinition</td>
<td><div><pre>java.lang.NullPointerException
	at pages.HiasLoginPage.NavigatetoURL(HiasLoginPage.java:27)
	at tests.AddPlanRateDefinition.beforeClass(AddPlanRateDefinition.java:33)
	at java.util.concurrent.FutureTask.run(Unknown Source)
	at java.util.concurrent.ThreadPoolExecutor.runWorker(Unknown Source)
	at java.util.concurrent.ThreadPoolExecutor$Worker.run(Unknown Source)
	at java.lang.Thread.run(Unknown Source)
... Removed 17 stack frames</pre></div><a href='#' onClick='toggleBox("stack-trace1329165350", this, "Click to show all stack frames", "Click to hide stack frames")'>Click to show all stack frames</a>
<div class='stack-trace' id='stack-trace1329165350'><pre>java.lang.NullPointerException
	at pages.HiasLoginPage.NavigatetoURL(HiasLoginPage.java:27)
	at tests.AddPlanRateDefinition.beforeClass(AddPlanRateDefinition.java:33)
	at sun.reflect.NativeMethodAccessorImpl.invoke0(Native Method)
	at sun.reflect.NativeMethodAccessorImpl.invoke(Unknown Source)
	at sun.reflect.DelegatingMethodAccessorImpl.invoke(Unknown Source)
	at java.lang.reflect.Method.invoke(Unknown Source)
	at org.testng.internal.MethodInvocationHelper.invokeMethod(MethodInvocationHelper.java:124)
	at org.testng.internal.MethodInvocationHelper.invokeMethodConsideringTimeout(MethodInvocationHelper.java:59)
	at org.testng.internal.Invoker.invokeConfigurationMethod(Invoker.java:458)
	at org.testng.internal.Invoker.invokeConfigurations(Invoker.java:222)
	at org.testng.internal.Invoker.invokeConfigurations(Invoker.java:142)
	at org.testng.internal.TestMethodWorker.invokeBeforeClassMethods(TestMethodWorker.java:168)
	at org.testng.internal.TestMethodWorker.run(TestMethodWorker.java:105)
	at org.testng.TestRunner.privateRun(TestRunner.java:648)
	at org.testng.TestRunner.run(TestRunner.java:505)
	at org.testng.SuiteRunner.runTest(SuiteRunner.java:455)
	at org.testng.SuiteRunner.access$000(SuiteRunner.java:40)
	at org.testng.SuiteRunner$SuiteWorker.run(SuiteRunner.java:489)
	at org.testng.internal.thread.ThreadUtil$1.call(ThreadUtil.java:52)
	at java.util.concurrent.FutureTask.run(Unknown Source)
	at java.util.concurrent.ThreadPoolExecutor.runWorker(Unknown Source)
	at java.util.concurrent.ThreadPoolExecutor$Worker.run(Unknown Source)
	at java.lang.Thread.run(Unknown Source)
</pre></div></td>
<td>0</td>
<td>tests.AddPlanRateDefinition@6f7fd0e6</td></tr>
<tr>
<td title='tests.AddPlanRateDefinition.AddnewPlanRate()'><b>AddnewPlanRate</b><br>Test class: tests.AddPlanRateDefinition</td>
<td><div><pre>java.lang.NullPointerException
	at pages.HiasLoginPage.NavigatetoURL(HiasLoginPage.java:27)
	at tests.AddPlanRateDefinition.beforeClass(AddPlanRateDefinition.java:33)
	at java.util.concurrent.FutureTask.run(Unknown Source)
	at java.util.concurrent.ThreadPoolExecutor.runWorker(Unknown Source)
	at java.util.concurrent.ThreadPoolExecutor$Worker.run(Unknown Source)
	at java.lang.Thread.run(Unknown Source)
... Removed 17 stack frames</pre></div><a href='#' onClick='toggleBox("stack-trace83714145", this, "Click to show all stack frames", "Click to hide stack frames")'>Click to show all stack frames</a>
<div class='stack-trace' id='stack-trace83714145'><pre>java.lang.NullPointerException
	at pages.HiasLoginPage.NavigatetoURL(HiasLoginPage.java:27)
	at tests.AddPlanRateDefinition.beforeClass(AddPlanRateDefinition.java:33)
	at sun.reflect.NativeMethodAccessorImpl.invoke0(Native Method)
	at sun.reflect.NativeMethodAccessorImpl.invoke(Unknown Source)
	at sun.reflect.DelegatingMethodAccessorImpl.invoke(Unknown Source)
	at java.lang.reflect.Method.invoke(Unknown Source)
	at org.testng.internal.MethodInvocationHelper.invokeMethod(MethodInvocationHelper.java:124)
	at org.testng.internal.MethodInvocationHelper.invokeMethodConsideringTimeout(MethodInvocationHelper.java:59)
	at org.testng.internal.Invoker.invokeConfigurationMethod(Invoker.java:458)
	at org.testng.internal.Invoker.invokeConfigurations(Invoker.java:222)
	at org.testng.internal.Invoker.invokeConfigurations(Invoker.java:142)
	at org.testng.internal.TestMethodWorker.invokeBeforeClassMethods(TestMethodWorker.java:168)
	at org.testng.internal.TestMethodWorker.run(TestMethodWorker.java:105)
	at org.testng.TestRunner.privateRun(TestRunner.java:648)
	at org.testng.TestRunner.run(TestRunner.java:505)
	at org.testng.SuiteRunner.runTest(SuiteRunner.java:455)
	at org.testng.SuiteRunner.access$000(SuiteRunner.java:40)
	at org.testng.SuiteRunner$SuiteWorker.run(SuiteRunner.java:489)
	at org.testng.internal.thread.ThreadUtil$1.call(ThreadUtil.java:52)
	at java.util.concurrent.FutureTask.run(Unknown Source)
	at java.util.concurrent.ThreadPoolExecutor.runWorker(Unknown Source)
	at java.util.concurrent.ThreadPoolExecutor$Worker.run(Unknown Source)
	at java.lang.Thread.run(Unknown Source)
</pre></div></td>
<td>0</td>
<td>tests.AddPlanRateDefinition@6f7fd0e6</td></tr>
<tr>
<td title='tests.AddPlanRateDefinition.AddnewPlanRate()'><b>AddnewPlanRate</b><br>Test class: tests.AddPlanRateDefinition</td>
<td><div><pre>java.lang.NullPointerException
	at pages.HiasLoginPage.NavigatetoURL(HiasLoginPage.java:27)
	at tests.AddPlanRateDefinition.beforeClass(AddPlanRateDefinition.java:33)
	at java.util.concurrent.FutureTask.run(Unknown Source)
	at java.util.concurrent.ThreadPoolExecutor.runWorker(Unknown Source)
	at java.util.concurrent.ThreadPoolExecutor$Worker.run(Unknown Source)
	at java.lang.Thread.run(Unknown Source)
... Removed 17 stack frames</pre></div><a href='#' onClick='toggleBox("stack-trace507346127", this, "Click to show all stack frames", "Click to hide stack frames")'>Click to show all stack frames</a>
<div class='stack-trace' id='stack-trace507346127'><pre>java.lang.NullPointerException
	at pages.HiasLoginPage.NavigatetoURL(HiasLoginPage.java:27)
	at tests.AddPlanRateDefinition.beforeClass(AddPlanRateDefinition.java:33)
	at sun.reflect.NativeMethodAccessorImpl.invoke0(Native Method)
	at sun.reflect.NativeMethodAccessorImpl.invoke(Unknown Source)
	at sun.reflect.DelegatingMethodAccessorImpl.invoke(Unknown Source)
	at java.lang.reflect.Method.invoke(Unknown Source)
	at org.testng.internal.MethodInvocationHelper.invokeMethod(MethodInvocationHelper.java:124)
	at org.testng.internal.MethodInvocationHelper.invokeMethodConsideringTimeout(MethodInvocationHelper.java:59)
	at org.testng.internal.Invoker.invokeConfigurationMethod(Invoker.java:458)
	at org.testng.internal.Invoker.invokeConfigurations(Invoker.java:222)
	at org.testng.internal.Invoker.invokeConfigurations(Invoker.java:142)
	at org.testng.internal.TestMethodWorker.invokeBeforeClassMethods(TestMethodWorker.java:168)
	at org.testng.internal.TestMethodWorker.run(TestMethodWorker.java:105)
	at org.testng.TestRunner.privateRun(TestRunner.java:648)
	at org.testng.TestRunner.run(TestRunner.java:505)
	at org.testng.SuiteRunner.runTest(SuiteRunner.java:455)
	at org.testng.SuiteRunner.access$000(SuiteRunner.java:40)
	at org.testng.SuiteRunner$SuiteWorker.run(SuiteRunner.java:489)
	at org.testng.internal.thread.ThreadUtil$1.call(ThreadUtil.java:52)
	at java.util.concurrent.FutureTask.run(Unknown Source)
	at java.util.concurrent.ThreadPoolExecutor.runWorker(Unknown Source)
	at java.util.concurrent.ThreadPoolExecutor$Worker.run(Unknown Source)
	at java.lang.Thread.run(Unknown Source)
</pre></div></td>
<td>0</td>
<td>tests.AddPlanRateDefinition@6f7fd0e6</td></tr>
<tr>
<td title='tests.AddPlanRateDefinition.AddnewPlanRate()'><b>AddnewPlanRate</b><br>Test class: tests.AddPlanRateDefinition</td>
<td><div><pre>java.lang.NullPointerException
	at pages.HiasLoginPage.NavigatetoURL(HiasLoginPage.java:27)
	at tests.AddPlanRateDefinition.beforeClass(AddPlanRateDefinition.java:33)
	at java.util.concurrent.FutureTask.run(Unknown Source)
	at java.util.concurrent.ThreadPoolExecutor.runWorker(Unknown Source)
	at java.util.concurrent.ThreadPoolExecutor$Worker.run(Unknown Source)
	at java.lang.Thread.run(Unknown Source)
... Removed 17 stack frames</pre></div><a href='#' onClick='toggleBox("stack-trace2108688054", this, "Click to show all stack frames", "Click to hide stack frames")'>Click to show all stack frames</a>
<div class='stack-trace' id='stack-trace2108688054'><pre>java.lang.NullPointerException
	at pages.HiasLoginPage.NavigatetoURL(HiasLoginPage.java:27)
	at tests.AddPlanRateDefinition.beforeClass(AddPlanRateDefinition.java:33)
	at sun.reflect.NativeMethodAccessorImpl.invoke0(Native Method)
	at sun.reflect.NativeMethodAccessorImpl.invoke(Unknown Source)
	at sun.reflect.DelegatingMethodAccessorImpl.invoke(Unknown Source)
	at java.lang.reflect.Method.invoke(Unknown Source)
	at org.testng.internal.MethodInvocationHelper.invokeMethod(MethodInvocationHelper.java:124)
	at org.testng.internal.MethodInvocationHelper.invokeMethodConsideringTimeout(MethodInvocationHelper.java:59)
	at org.testng.internal.Invoker.invokeConfigurationMethod(Invoker.java:458)
	at org.testng.internal.Invoker.invokeConfigurations(Invoker.java:222)
	at org.testng.internal.Invoker.invokeConfigurations(Invoker.java:142)
	at org.testng.internal.TestMethodWorker.invokeBeforeClassMethods(TestMethodWorker.java:168)
	at org.testng.internal.TestMethodWorker.run(TestMethodWorker.java:105)
	at org.testng.TestRunner.privateRun(TestRunner.java:648)
	at org.testng.TestRunner.run(TestRunner.java:505)
	at org.testng.SuiteRunner.runTest(SuiteRunner.java:455)
	at org.testng.SuiteRunner.access$000(SuiteRunner.java:40)
	at org.testng.SuiteRunner$SuiteWorker.run(SuiteRunner.java:489)
	at org.testng.internal.thread.ThreadUtil$1.call(ThreadUtil.java:52)
	at java.util.concurrent.FutureTask.run(Unknown Source)
	at java.util.concurrent.ThreadPoolExecutor.runWorker(Unknown Source)
	at java.util.concurrent.ThreadPoolExecutor$Worker.run(Unknown Source)
	at java.lang.Thread.run(Unknown Source)
</pre></div></td>
<td>0</td>
<td>tests.AddPlanRateDefinition@6f7fd0e6</td></tr>
<tr>
<td title='tests.AddPlanRateDefinition.AddnewPlanRate()'><b>AddnewPlanRate</b><br>Test class: tests.AddPlanRateDefinition</td>
<td><div><pre>java.lang.NullPointerException
	at pages.HiasLoginPage.NavigatetoURL(HiasLoginPage.java:27)
	at tests.AddPlanRateDefinition.beforeClass(AddPlanRateDefinition.java:33)
	at java.util.concurrent.FutureTask.run(Unknown Source)
	at java.util.concurrent.ThreadPoolExecutor.runWorker(Unknown Source)
	at java.util.concurrent.ThreadPoolExecutor$Worker.run(Unknown Source)
	at java.lang.Thread.run(Unknown Source)
... Removed 17 stack frames</pre></div><a href='#' onClick='toggleBox("stack-trace1675782081", this, "Click to show all stack frames", "Click to hide stack frames")'>Click to show all stack frames</a>
<div class='stack-trace' id='stack-trace1675782081'><pre>java.lang.NullPointerException
	at pages.HiasLoginPage.NavigatetoURL(HiasLoginPage.java:27)
	at tests.AddPlanRateDefinition.beforeClass(AddPlanRateDefinition.java:33)
	at sun.reflect.NativeMethodAccessorImpl.invoke0(Native Method)
	at sun.reflect.NativeMethodAccessorImpl.invoke(Unknown Source)
	at sun.reflect.DelegatingMethodAccessorImpl.invoke(Unknown Source)
	at java.lang.reflect.Method.invoke(Unknown Source)
	at org.testng.internal.MethodInvocationHelper.invokeMethod(MethodInvocationHelper.java:124)
	at org.testng.internal.MethodInvocationHelper.invokeMethodConsideringTimeout(MethodInvocationHelper.java:59)
	at org.testng.internal.Invoker.invokeConfigurationMethod(Invoker.java:458)
	at org.testng.internal.Invoker.invokeConfigurations(Invoker.java:222)
	at org.testng.internal.Invoker.invokeConfigurations(Invoker.java:142)
	at org.testng.internal.TestMethodWorker.invokeBeforeClassMethods(TestMethodWorker.java:168)
	at org.testng.internal.TestMethodWorker.run(TestMethodWorker.java:105)
	at org.testng.TestRunner.privateRun(TestRunner.java:648)
	at org.testng.TestRunner.run(TestRunner.java:505)
	at org.testng.SuiteRunner.runTest(SuiteRunner.java:455)
	at org.testng.SuiteRunner.access$000(SuiteRunner.java:40)
	at org.testng.SuiteRunner$SuiteWorker.run(SuiteRunner.java:489)
	at org.testng.internal.thread.ThreadUtil$1.call(ThreadUtil.java:52)
	at java.util.concurrent.FutureTask.run(Unknown Source)
	at java.util.concurrent.ThreadPoolExecutor.runWorker(Unknown Source)
	at java.util.concurrent.ThreadPoolExecutor$Worker.run(Unknown Source)
	at java.lang.Thread.run(Unknown Source)
</pre></div></td>
<td>0</td>
<td>tests.AddPlanRateDefinition@6f7fd0e6</td></tr>
</table><p>
</body>
</html>